TN:
SF:app\_layout.tsx
FN:22,(anonymous_0)
FN:29,RootLayout
FN:33,(anonymous_2)
FNF:3
FNH:2
FNDA:0,(anonymous_0)
FNDA:7,RootLayout
FNDA:7,(anonymous_2)
DA:16,1
DA:21,1
DA:22,0
DA:30,7
DA:31,7
DA:33,7
DA:34,7
DA:35,7
DA:36,7
DA:42,7
LF:10
LH:9
BRDA:43,0,0,2
BRDA:43,0,1,5
BRF:2
BRH:2
end_of_record
TN:
SF:app\choose-topic.tsx
FN:19,ChooseTopicScreen
FN:44,(anonymous_1)
FN:59,(anonymous_2)
FNF:3
FNH:3
FNDA:17,ChooseTopicScreen
FNDA:102,(anonymous_1)
FNDA:6,(anonymous_2)
DA:7,1
DA:8,1
DA:10,1
DA:20,17
DA:21,17
DA:23,17
DA:24,17
DA:26,17
DA:45,102
DA:60,6
DA:61,6
DA:62,6
DA:71,1
LF:13
LH:13
BRF:0
BRH:0
end_of_record
TN:
SF:app\index.tsx
FN:8,WelcomeScreen
FN:18,(anonymous_1)
FN:19,(anonymous_2)
FN:44,(anonymous_3)
FNF:4
FNH:4
FNDA:6,WelcomeScreen
FNDA:6,(anonymous_1)
FNDA:6,(anonymous_2)
FNDA:1,(anonymous_3)
DA:9,6
DA:10,6
DA:12,6
DA:13,6
DA:14,6
DA:15,6
DA:16,6
DA:18,6
DA:19,6
DA:20,6
DA:24,6
DA:44,1
DA:50,1
DA:51,1
DA:53,1
DA:60,1
LF:16
LH:16
BRDA:20,0,0,0
BRDA:20,0,1,6
BRF:2
BRH:1
end_of_record
TN:
SF:app\meditation-room.tsx
FN:44,ReactionBubble
FN:48,(anonymous_1)
FN:53,(anonymous_2)
FN:65,formatElapsed
FN:71,loadRtcSurfaceView
FN:93,getGridLayout
FN:110,MeditationRoomScreen
FN:138,(anonymous_7)
FN:143,(anonymous_8)
FN:164,(anonymous_9)
FN:167,(anonymous_10)
FN:192,(anonymous_11)
FN:197,(anonymous_12)
FN:200,(anonymous_13)
FN:219,(anonymous_14)
FN:230,(anonymous_15)
FN:234,(anonymous_16)
FN:235,(anonymous_17)
FN:238,(anonymous_18)
FN:240,(anonymous_19)
FN:250,(anonymous_20)
FN:257,sendReaction
FN:263,(anonymous_22)
FN:264,(anonymous_23)
FN:266,(anonymous_24)
FN:276,(anonymous_25)
FN:283,(anonymous_26)
FN:284,(anonymous_27)
FN:285,(anonymous_28)
FN:296,(anonymous_29)
FN:343,(anonymous_30)
FN:359,(anonymous_31)
FN:407,(anonymous_32)
FN:408,(anonymous_33)
FN:409,(anonymous_34)
FN:423,(anonymous_35)
FN:424,(anonymous_36)
FN:425,(anonymous_37)
FN:439,(anonymous_38)
FN:440,(anonymous_39)
FN:450,(anonymous_40)
FN:451,(anonymous_41)
FN:452,(anonymous_42)
FN:466,(anonymous_43)
FN:466,(anonymous_44)
FN:490,(anonymous_45)
FN:494,(anonymous_46)
FNF:47
FNH:29
FNDA:1,ReactionBubble
FNDA:1,(anonymous_1)
FNDA:1,(anonymous_2)
FNDA:66,formatElapsed
FNDA:2,loadRtcSurfaceView
FNDA:66,getGridLayout
FNDA:66,MeditationRoomScreen
FNDA:66,(anonymous_7)
FNDA:20,(anonymous_8)
FNDA:0,(anonymous_9)
FNDA:0,(anonymous_10)
FNDA:1,(anonymous_11)
FNDA:0,(anonymous_12)
FNDA:1,(anonymous_13)
FNDA:66,(anonymous_14)
FNDA:20,(anonymous_15)
FNDA:0,(anonymous_16)
FNDA:0,(anonymous_17)
FNDA:20,(anonymous_18)
FNDA:40,(anonymous_19)
FNDA:0,(anonymous_20)
FNDA:1,sendReaction
FNDA:1,(anonymous_22)
FNDA:0,(anonymous_23)
FNDA:0,(anonymous_24)
FNDA:0,(anonymous_25)
FNDA:0,(anonymous_26)
FNDA:0,(anonymous_27)
FNDA:0,(anonymous_28)
FNDA:1,(anonymous_29)
FNDA:0,(anonymous_30)
FNDA:26,(anonymous_31)
FNDA:1,(anonymous_32)
FNDA:1,(anonymous_33)
FNDA:0,(anonymous_34)
FNDA:1,(anonymous_35)
FNDA:1,(anonymous_36)
FNDA:0,(anonymous_37)
FNDA:0,(anonymous_38)
FNDA:0,(anonymous_39)
FNDA:1,(anonymous_40)
FNDA:1,(anonymous_41)
FNDA:0,(anonymous_42)
FNDA:2,(anonymous_43)
FNDA:2,(anonymous_44)
FNDA:10,(anonymous_45)
FNDA:1,(anonymous_46)
DA:29,1
DA:30,1
DA:31,1
DA:45,1
DA:46,1
DA:48,1
DA:49,1
DA:50,1
DA:53,1
DA:58,1
DA:66,66
DA:67,66
DA:68,66
DA:74,2
DA:75,0
DA:78,2
DA:79,2
DA:80,0
DA:81,0
DA:83,0
DA:85,2
DA:97,66
DA:98,66
DA:99,0
DA:100,0
DA:101,0
DA:102,0
DA:103,0
DA:104,0
DA:106,0
DA:111,66
DA:112,66
DA:113,66
DA:116,66
DA:117,66
DA:118,66
DA:119,66
DA:120,66
DA:121,66
DA:124,66
DA:125,66
DA:126,66
DA:127,66
DA:128,66
DA:129,66
DA:132,66
DA:135,66
DA:136,66
DA:138,66
DA:143,66
DA:144,20
DA:145,0
DA:146,0
DA:147,0
DA:150,20
DA:151,20
DA:152,20
DA:153,20
DA:155,20
DA:156,20
DA:159,20
DA:160,20
DA:161,20
DA:164,20
DA:165,0
DA:167,20
DA:168,0
DA:171,20
DA:178,20
DA:181,0
DA:182,0
DA:183,0
DA:185,20
DA:192,66
DA:193,1
DA:201,1
DA:202,1
DA:206,1
DA:219,66
DA:220,66
DA:221,66
DA:222,0
DA:223,0
DA:230,66
DA:231,20
DA:234,20
DA:235,0
DA:238,20
DA:240,40
DA:241,20
DA:244,20
DA:245,20
DA:246,20
DA:250,20
DA:258,1
DA:263,1
DA:264,1
DA:265,1
DA:266,1
DA:272,66
DA:273,66
DA:274,26
DA:276,66
DA:277,0
DA:280,66
DA:281,66
DA:283,66
DA:284,0
DA:285,0
DA:289,66
DA:297,1
DA:344,0
DA:345,0
DA:360,26
DA:408,1
DA:409,1
DA:424,1
DA:425,1
DA:440,0
DA:451,1
DA:452,1
DA:466,2
DA:491,10
DA:494,1
DA:505,1
LF:125
LH:97
BRDA:74,0,0,0
BRDA:74,0,1,2
BRDA:80,1,0,0
BRDA:80,1,1,0
BRDA:81,2,0,0
BRDA:81,2,1,0
BRDA:83,3,0,0
BRDA:83,3,1,0
BRDA:97,4,0,66
BRDA:97,4,1,0
BRDA:99,5,0,0
BRDA:99,5,1,0
BRDA:101,6,0,0
BRDA:101,6,1,0
BRDA:103,7,0,0
BRDA:103,7,1,0
BRDA:138,8,0,66
BRDA:138,8,1,0
BRDA:144,9,0,0
BRDA:144,9,1,20
BRDA:181,10,0,0
BRDA:181,10,1,0
BRDA:220,11,0,66
BRDA:220,11,1,0
BRDA:222,12,0,0
BRDA:222,12,1,0
BRDA:244,13,0,20
BRDA:244,13,1,0
BRDA:273,14,0,26
BRDA:273,14,1,40
BRDA:314,15,0,66
BRDA:314,15,1,0
BRDA:320,16,0,0
BRDA:320,16,1,66
BRDA:329,17,0,66
BRDA:329,17,1,40
BRDA:337,18,0,66
BRDA:337,18,1,0
BRDA:337,18,2,0
BRDA:353,19,0,66
BRDA:353,19,1,26
BRDA:353,19,2,26
BRDA:353,19,3,26
BRDA:353,19,4,26
BRDA:370,20,0,26
BRDA:370,20,1,1
BRDA:371,21,0,26
BRDA:371,21,1,1
BRDA:373,22,0,26
BRDA:373,22,1,0
BRDA:378,23,0,26
BRDA:378,23,1,0
BRDA:378,24,0,26
BRDA:378,24,1,26
BRDA:378,25,0,0
BRDA:378,25,1,0
BRDA:388,26,0,66
BRDA:388,26,1,26
BRDA:388,26,2,26
BRDA:388,26,3,26
BRDA:388,26,4,0
BRDA:396,27,0,66
BRDA:396,27,1,26
BRDA:396,27,2,26
BRDA:396,27,3,26
BRDA:396,27,4,0
BRDA:403,28,0,66
BRDA:403,28,1,26
BRDA:403,28,2,26
BRDA:406,29,0,26
BRDA:406,29,1,1
BRDA:412,30,0,1
BRDA:412,30,1,25
BRDA:414,31,0,1
BRDA:414,31,1,25
BRDA:416,32,0,1
BRDA:416,32,1,25
BRDA:418,33,0,1
BRDA:418,33,1,25
BRDA:422,34,0,26
BRDA:422,34,1,1
BRDA:428,35,0,1
BRDA:428,35,1,25
BRDA:430,36,0,1
BRDA:430,36,1,25
BRDA:432,37,0,1
BRDA:432,37,1,25
BRDA:449,38,0,26
BRDA:449,38,1,1
BRDA:459,39,0,1
BRDA:459,39,1,25
BRDA:488,40,0,66
BRDA:488,40,1,2
BRF:93
BRH:61
end_of_record
TN:
SF:app\modal.tsx
FN:7,ModalScreen
FNF:1
FNH:1
FNDA:4,ModalScreen
DA:8,4
DA:18,1
LF:2
LH:2
BRF:0
BRH:0
end_of_record
TN:
SF:app\progress.tsx
FN:10,ProgressScreen
FN:16,(anonymous_1)
FN:22,(anonymous_2)
FN:32,(anonymous_3)
FN:40,(anonymous_4)
FN:52,(anonymous_5)
FN:79,(anonymous_6)
FNF:7
FNH:3
FNDA:7,ProgressScreen
FNDA:7,(anonymous_1)
FNDA:0,(anonymous_2)
FNDA:0,(anonymous_3)
FNDA:1,(anonymous_4)
FNDA:0,(anonymous_5)
FNDA:0,(anonymous_6)
DA:11,7
DA:13,7
DA:14,7
DA:16,7
DA:17,7
DA:18,7
DA:21,7
DA:22,0
DA:25,7
DA:32,0
DA:40,1
DA:52,0
DA:79,0
DA:87,1
LF:14
LH:10
BRDA:50,0,0,7
BRDA:50,0,1,0
BRDA:51,1,0,7
BRDA:51,1,1,0
BRDA:76,2,0,7
BRDA:76,2,1,0
BRF:6
BRH:3
end_of_record
TN:
SF:app\settings.tsx
FN:13,timeStringToDate
FN:20,dateToTimeString
FN:26,ToggleRow
FN:50,SegmentRow
FN:65,(anonymous_4)
FN:68,(anonymous_5)
FN:80,SettingsScreen
FN:85,(anonymous_7)
FN:90,handleReminderTimeChange
FN:104,handleReminderToggle
FN:123,handleClearData
FN:132,(anonymous_11)
FN:142,handleResetDefaults
FN:145,(anonymous_13)
FN:149,update
FN:150,(anonymous_15)
FN:162,(anonymous_16)
FN:194,(anonymous_17)
FN:206,(anonymous_18)
FN:223,(anonymous_19)
FN:223,(anonymous_20)
FN:274,(anonymous_21)
FN:308,(anonymous_22)
FNF:23
FNH:16
FNDA:0,timeStringToDate
FNDA:0,dateToTimeString
FNDA:145,ToggleRow
FNDA:87,SegmentRow
FNDA:319,(anonymous_4)
FNDA:6,(anonymous_5)
FNDA:29,SettingsScreen
FNDA:29,(anonymous_7)
FNDA:0,handleReminderTimeChange
FNDA:2,handleReminderToggle
FNDA:1,handleClearData
FNDA:0,(anonymous_11)
FNDA:1,handleResetDefaults
FNDA:0,(anonymous_13)
FNDA:149,update
FNDA:10,(anonymous_15)
FNDA:1,(anonymous_16)
FNDA:1,(anonymous_17)
FNDA:3,(anonymous_18)
FNDA:0,(anonymous_19)
FNDA:0,(anonymous_20)
FNDA:1,(anonymous_21)
FNDA:1,(anonymous_22)
DA:14,0
DA:15,0
DA:16,0
DA:17,0
DA:21,0
DA:22,0
DA:23,0
DA:37,145
DA:61,87
DA:66,319
DA:68,6
DA:81,29
DA:82,29
DA:83,29
DA:85,29
DA:86,29
DA:87,29
DA:94,0
DA:95,0
DA:96,0
DA:97,0
DA:98,0
DA:99,0
DA:100,0
DA:105,2
DA:106,1
DA:107,1
DA:108,0
DA:112,0
DA:114,1
DA:115,1
DA:117,1
DA:118,1
DA:120,2
DA:124,1
DA:133,0
DA:134,0
DA:135,0
DA:143,1
DA:145,0
DA:150,149
DA:153,29
DA:162,1
DA:194,1
DA:206,3
DA:223,0
DA:274,1
DA:308,1
DA:320,2
LF:49
LH:28
BRDA:44,0,0,87
BRDA:44,0,1,58
BRDA:69,1,0,319
BRDA:69,1,1,87
BRDA:70,2,0,319
BRDA:70,2,1,87
BRDA:95,3,0,0
BRDA:95,3,1,0
BRDA:98,4,0,0
BRDA:98,4,1,0
BRDA:105,5,0,1
BRDA:105,5,1,1
BRDA:107,6,0,0
BRDA:107,6,1,1
BRDA:218,7,0,29
BRDA:218,7,1,0
BRDA:229,8,0,0
BRDA:229,8,1,0
BRDA:235,9,0,0
BRDA:235,9,1,0
BRDA:244,10,0,0
BRDA:244,10,1,0
BRF:22
BRH:10
end_of_record
TN:
SF:app\(tabs)\_layout.tsx
FN:8,TabsLayout
FN:9,(anonymous_1)
FN:10,(anonymous_2)
FN:11,(anonymous_3)
FN:13,(anonymous_4)
FN:39,(anonymous_5)
FN:48,(anonymous_6)
FN:57,(anonymous_7)
FN:66,(anonymous_8)
FNF:9
FNH:0
FNDA:0,TabsLayout
FNDA:0,(anonymous_1)
FNDA:0,(anonymous_2)
FNDA:0,(anonymous_3)
FNDA:0,(anonymous_4)
FNDA:0,(anonymous_5)
FNDA:0,(anonymous_6)
FNDA:0,(anonymous_7)
FNDA:0,(anonymous_8)
DA:9,0
DA:10,0
DA:11,0
DA:13,0
DA:14,0
DA:15,0
DA:16,0
DA:19,0
DA:40,0
DA:49,0
DA:58,0
DA:67,0
LF:12
LH:0
BRF:0
BRH:0
end_of_record
TN:
SF:app\(tabs)\community.tsx
FN:9,LiveSessionCard
FN:35,(anonymous_1)
FN:50,UpcomingCard
FN:80,CommunityScreen
FN:83,(anonymous_4)
FN:87,(anonymous_5)
FN:88,(anonymous_6)
FN:98,(anonymous_7)
FN:126,(anonymous_8)
FNF:9
FNH:9
FNDA:7,LiveSessionCard
FNDA:1,(anonymous_1)
FNDA:7,UpcomingCard
FNDA:7,CommunityScreen
FNDA:7,(anonymous_4)
FNDA:7,(anonymous_5)
FNDA:14,(anonymous_6)
FNDA:14,(anonymous_7)
FNDA:7,(anonymous_8)
DA:10,7
DA:11,7
DA:13,7
DA:36,1
DA:51,7
DA:52,7
DA:57,7
DA:81,7
DA:83,7
DA:84,7
DA:87,7
DA:88,14
DA:90,7
DA:98,14
DA:126,7
DA:136,1
LF:16
LH:16
BRDA:115,0,0,7
BRDA:115,0,1,0
BRDA:116,1,0,7
BRDA:116,1,1,0
BRDA:121,2,0,7
BRDA:121,2,1,7
BRF:6
BRH:4
end_of_record
TN:
SF:app\(tabs)\index.tsx
FN:36,HomeScreen
FN:40,(anonymous_1)
FN:50,(anonymous_2)
FN:78,(anonymous_3)
FN:92,(anonymous_4)
FN:99,(anonymous_5)
FNF:6
FNH:6
FNDA:21,HomeScreen
FNDA:21,(anonymous_1)
FNDA:21,(anonymous_2)
FNDA:1,(anonymous_3)
FNDA:42,(anonymous_4)
FNDA:2,(anonymous_5)
DA:14,1
DA:21,1
DA:37,21
DA:38,21
DA:40,21
DA:41,21
DA:50,21
DA:54,21
DA:78,1
DA:93,42
DA:100,2
DA:101,1
DA:103,1
DA:122,1
LF:14
LH:14
BRDA:100,0,0,1
BRDA:100,0,1,1
BRF:2
BRH:2
end_of_record
TN:
SF:app\(tabs)\profile.tsx
FN:22,(anonymous_0)
FN:23,(anonymous_1)
FN:28,ProfileScreen
FN:34,(anonymous_3)
FN:41,(anonymous_4)
FN:64,(anonymous_5)
FN:70,(anonymous_6)
FN:73,handleLogout
FN:79,(anonymous_8)
FN:105,(anonymous_9)
FN:131,(anonymous_10)
FN:144,(anonymous_11)
FN:188,(anonymous_12)
FN:212,(anonymous_13)
FNF:14
FNH:2
FNDA:0,(anonymous_0)
FNDA:0,(anonymous_1)
FNDA:4,ProfileScreen
FNDA:4,(anonymous_3)
FNDA:0,(anonymous_4)
FNDA:0,(anonymous_5)
FNDA:0,(anonymous_6)
FNDA:0,handleLogout
FNDA:0,(anonymous_8)
FNDA:0,(anonymous_9)
FNDA:0,(anonymous_10)
FNDA:0,(anonymous_11)
FNDA:0,(anonymous_12)
FNDA:0,(anonymous_13)
DA:15,1
DA:17,1
DA:22,0
DA:23,0
DA:29,4
DA:30,4
DA:31,4
DA:33,4
DA:34,4
DA:35,4
DA:38,4
DA:39,4
DA:41,4
DA:42,0
DA:43,0
DA:44,0
DA:46,0
DA:49,0
DA:50,0
DA:51,0
DA:57,0
DA:63,4
DA:65,0
DA:69,4
DA:70,0
DA:74,0
DA:80,0
DA:81,0
DA:87,4
DA:95,4
DA:105,0
DA:132,0
DA:144,0
DA:188,0
DA:212,0
DA:234,1
LF:36
LH:16
BRDA:44,0,0,0
BRDA:44,0,1,0
BRDA:50,1,0,0
BRDA:50,1,1,0
BRDA:87,2,0,4
BRDA:87,2,1,0
BRDA:117,3,0,4
BRDA:117,3,1,0
BRDA:121,4,0,4
BRDA:121,4,1,0
BRDA:127,5,0,4
BRDA:127,5,1,0
BRDA:142,6,0,4
BRDA:142,6,1,0
BRDA:143,7,0,4
BRDA:143,7,1,0
BRDA:171,8,0,4
BRDA:171,8,1,0
BRDA:185,9,0,4
BRDA:185,9,1,0
BRDA:196,10,0,0
BRDA:196,10,1,4
BRDA:198,11,0,0
BRDA:198,11,1,4
BRDA:201,12,0,0
BRDA:201,12,1,4
BRDA:209,13,0,4
BRDA:209,13,1,0
BRDA:218,14,0,4
BRDA:218,14,1,4
BRF:30
BRH:14
end_of_record
TN:
SF:app\(tabs)\reset.tsx
FN:14,ResetStartScreen
FN:16,(anonymous_1)
FN:17,(anonymous_2)
FN:24,(anonymous_3)
FN:30,handleStart
FN:78,(anonymous_5)
FNF:6
FNH:5
FNDA:8,ResetStartScreen
FNDA:8,(anonymous_1)
FNDA:8,(anonymous_2)
FNDA:8,(anonymous_3)
FNDA:0,handleStart
FNDA:1,(anonymous_5)
DA:15,8
DA:16,8
DA:17,8
DA:19,8
DA:20,8
DA:24,8
DA:25,8
DA:28,8
DA:31,0
DA:38,0
DA:41,8
DA:78,1
DA:91,1
LF:13
LH:11
BRDA:36,0,0,0
BRDA:36,0,1,0
BRDA:66,1,0,8
BRDA:66,1,1,8
BRF:4
BRH:2
end_of_record
TN:
SF:app\auth\forgot-password.tsx
FN:7,ForgotPasswordScreen
FN:12,handleSubmit
FN:22,(anonymous_2)
FNF:3
FNH:2
FNDA:8,ForgotPasswordScreen
FNDA:1,handleSubmit
FNDA:0,(anonymous_2)
DA:8,8
DA:9,8
DA:10,8
DA:13,1
DA:14,1
DA:17,8
DA:22,0
DA:83,1
LF:8
LH:7
BRDA:13,0,0,0
BRDA:13,0,1,1
BRDA:34,1,0,1
BRDA:34,1,1,7
BRDA:61,2,0,7
BRDA:61,2,1,6
BRF:6
BRH:5
end_of_record
TN:
SF:app\auth\login.tsx
FN:17,LoginScreen
FN:19,(anonymous_1)
FN:27,handleLogin
FN:90,(anonymous_3)
FN:90,(anonymous_4)
FNF:5
FNH:3
FNDA:21,LoginScreen
FNDA:21,(anonymous_1)
FNDA:4,handleLogin
FNDA:0,(anonymous_3)
FNDA:0,(anonymous_4)
DA:18,21
DA:19,21
DA:21,21
DA:22,21
DA:23,21
DA:24,21
DA:25,21
DA:28,4
DA:29,2
DA:30,2
DA:32,2
DA:33,2
DA:34,2
DA:35,2
DA:36,1
DA:38,1
DA:40,2
DA:44,21
DA:90,0
DA:131,2
LF:20
LH:19
BRDA:28,0,0,2
BRDA:28,0,1,2
BRDA:28,1,0,4
BRDA:28,1,1,2
BRDA:49,2,0,21
BRDA:49,2,1,0
BRDA:57,3,0,3
BRDA:57,3,1,18
BRDA:92,4,0,0
BRDA:92,4,1,21
BRDA:107,5,0,21
BRDA:107,5,1,0
BRDA:113,6,0,0
BRDA:113,6,1,21
BRF:14
BRH:10
end_of_record
TN:
SF:app\auth\signup.tsx
FN:17,SignupScreen
FN:19,(anonymous_1)
FN:27,handleSignup
FN:63,(anonymous_3)
FNF:4
FNH:4
FNDA:17,SignupScreen
FNDA:17,(anonymous_1)
FNDA:3,handleSignup
FNDA:51,(anonymous_3)
DA:18,17
DA:19,17
DA:21,17
DA:22,17
DA:23,17
DA:24,17
DA:25,17
DA:28,3
DA:29,1
DA:30,1
DA:32,2
DA:33,2
DA:34,2
DA:35,2
DA:36,1
DA:38,1
DA:40,2
DA:44,17
DA:64,51
DA:108,2
LF:20
LH:20
BRDA:28,0,0,1
BRDA:28,0,1,2
BRDA:28,1,0,3
BRDA:28,1,1,2
BRDA:28,1,2,2
BRDA:49,2,0,17
BRDA:49,2,1,0
BRDA:57,3,0,2
BRDA:57,3,1,15
BRDA:75,4,0,17
BRDA:75,4,1,34
BRDA:84,5,0,17
BRDA:84,5,1,0
BRDA:90,6,0,0
BRDA:90,6,1,17
BRF:15
BRH:12
end_of_record
TN:
SF:app\reset\end.tsx
FN:16,ResetEndScreen
FN:26,handleEnd
FN:44,(anonymous_2)
FN:118,(anonymous_3)
FNF:4
FNH:3
FNDA:24,ResetEndScreen
FNDA:2,handleEnd
FNDA:4,(anonymous_2)
FNDA:0,(anonymous_3)
DA:17,24
DA:18,24
DA:19,24
DA:20,24
DA:21,24
DA:22,24
DA:24,24
DA:27,2
DA:28,2
DA:29,2
DA:30,2
DA:40,2
DA:41,2
DA:42,2
DA:43,2
DA:44,4
DA:45,2
DA:46,0
DA:48,2
DA:51,0
DA:53,2
DA:58,24
DA:62,24
DA:119,0
DA:120,0
DA:127,1
LF:26
LH:22
BRDA:27,0,0,0
BRDA:27,0,1,2
BRDA:31,1,0,2
BRDA:31,1,1,0
BRDA:32,2,0,2
BRDA:32,2,1,2
BRDA:32,2,2,0
BRDA:33,3,0,2
BRDA:33,3,1,0
BRDA:34,4,0,2
BRDA:34,4,1,0
BRDA:38,5,0,2
BRDA:38,5,1,0
BRDA:45,6,0,0
BRDA:45,6,1,2
BRDA:58,7,0,10
BRDA:58,7,1,14
BRDA:58,8,0,24
BRDA:58,8,1,24
BRDA:84,9,0,24
BRDA:84,9,1,10
BRDA:90,10,0,9
BRDA:90,10,1,1
BRDA:92,11,0,9
BRDA:92,11,1,1
BRDA:92,12,0,9
BRDA:92,12,1,1
BRDA:98,13,0,0
BRDA:98,13,1,24
BRDA:104,14,0,24
BRDA:104,14,1,10
BRDA:104,14,2,16
BRDA:106,15,0,24
BRDA:106,15,1,10
BRDA:110,16,0,2
BRDA:110,16,1,22
BRF:36
BRH:28
end_of_record
TN:
SF:app\reset\in-progress.tsx
FN:14,formatTime
FN:20,ResetInProgressScreen
FN:22,(anonymous_2)
FN:23,(anonymous_3)
FN:37,(anonymous_4)
FN:43,(anonymous_5)
FN:48,(anonymous_6)
FN:49,(anonymous_7)
FN:50,(anonymous_8)
FN:52,(anonymous_9)
FN:56,(anonymous_10)
FN:63,handleClose
FN:72,(anonymous_12)
FNF:13
FNH:10
FNDA:9,formatTime
FNDA:9,ResetInProgressScreen
FNDA:9,(anonymous_2)
FNDA:9,(anonymous_3)
FNDA:9,(anonymous_4)
FNDA:9,(anonymous_5)
FNDA:9,(anonymous_6)
FNDA:0,(anonymous_7)
FNDA:0,(anonymous_8)
FNDA:9,(anonymous_9)
FNDA:9,(anonymous_10)
FNDA:1,handleClose
FNDA:0,(anonymous_12)
DA:15,9
DA:16,9
DA:17,9
DA:21,9
DA:22,9
DA:23,9
DA:25,9
DA:26,9
DA:28,9
DA:33,9
DA:34,9
DA:37,9
DA:38,9
DA:39,0
DA:43,9
DA:44,9
DA:48,9
DA:49,9
DA:50,0
DA:52,9
DA:56,9
DA:57,9
DA:58,0
DA:59,0
DA:64,1
DA:73,0
DA:74,0
DA:75,0
DA:82,9
DA:84,9
DA:127,1
LF:31
LH:24
BRDA:25,0,0,9
BRDA:25,0,1,0
BRDA:38,1,0,9
BRDA:38,1,1,0
BRDA:39,2,0,0
BRDA:39,2,1,0
BRDA:44,3,0,9
BRDA:44,3,1,0
BRDA:57,4,0,0
BRDA:57,4,1,9
BRDA:82,5,0,9
BRDA:82,5,1,0
BRDA:82,6,0,0
BRDA:82,6,1,0
BRF:14
BRH:5
end_of_record
TN:
SF:components\BreathingOrb.tsx
FN:25,phaseToLabel
FN:31,runInternalCycle
FN:42,(anonymous_2)
FN:45,(anonymous_3)
FN:49,(anonymous_4)
FN:56,BreathingOrb
FN:67,(anonymous_6)
FN:83,(anonymous_7)
FN:98,(anonymous_8)
FN:102,(anonymous_9)
FN:109,(anonymous_10)
FNF:11
FNH:5
FNDA:0,phaseToLabel
FNDA:0,runInternalCycle
FNDA:0,(anonymous_2)
FNDA:0,(anonymous_3)
FNDA:0,(anonymous_4)
FNDA:8,BreathingOrb
FNDA:8,(anonymous_6)
FNDA:8,(anonymous_7)
FNDA:0,(anonymous_8)
FNDA:8,(anonymous_9)
FNDA:8,(anonymous_10)
DA:26,0
DA:27,0
DA:28,0
DA:39,0
DA:40,0
DA:41,0
DA:42,0
DA:43,0
DA:44,0
DA:45,0
DA:46,0
DA:47,0
DA:48,0
DA:49,0
DA:63,8
DA:64,8
DA:67,8
DA:68,8
DA:69,0
DA:70,0
DA:71,0
DA:72,0
DA:74,0
DA:79,8
DA:80,8
DA:81,8
DA:83,8
DA:84,8
DA:86,8
DA:88,8
DA:97,8
DA:98,0
DA:102,8
DA:103,8
DA:107,8
DA:109,8
DA:113,8
DA:114,8
DA:117,8
DA:162,8
DA:163,1
DA:170,7
DA:173,1
LF:43
LH:23
BRDA:26,0,0,0
BRDA:26,0,1,0
BRDA:27,1,0,0
BRDA:27,1,1,0
BRDA:39,2,0,0
BRDA:39,2,1,0
BRDA:57,3,0,8
BRDA:60,4,0,7
BRDA:68,5,0,8
BRDA:68,5,1,0
BRDA:69,6,0,0
BRDA:69,6,1,0
BRDA:71,7,0,0
BRDA:71,7,1,0
BRDA:84,8,0,0
BRDA:84,8,1,8
BRDA:103,9,0,8
BRDA:103,9,1,0
BRDA:107,10,0,0
BRDA:107,10,1,8
BRDA:151,11,0,1
BRDA:151,11,1,7
BRDA:162,12,0,1
BRDA:162,12,1,7
BRF:24
BRH:10
end_of_record
TN:
SF:components\DurationSelector.tsx
FN:12,DurationSelector
FN:15,(anonymous_1)
FN:19,(anonymous_2)
FNF:3
FNH:3
FNDA:16,DurationSelector
FNDA:64,(anonymous_1)
FNDA:2,(anonymous_2)
DA:4,3
DA:13,16
DA:16,64
DA:19,2
DA:32,3
LF:5
LH:5
BRDA:22,0,0,64
BRDA:22,0,1,16
BRDA:23,1,0,64
BRDA:23,1,1,16
BRF:4
BRH:4
end_of_record
TN:
SF:components\GradientBackground.tsx
FN:10,GradientBackground
FNF:1
FNH:1
FNDA:4,GradientBackground
DA:11,4
DA:22,2
LF:2
LH:2
BRF:0
BRH:0
end_of_record
TN:
SF:components\MoodSelector.tsx
FN:13,MoodSelector
FN:19,(anonymous_1)
FN:23,(anonymous_2)
FNF:3
FNH:3
FNDA:44,MoodSelector
FNDA:220,(anonymous_1)
FNDA:11,(anonymous_2)
DA:6,4
DA:14,44
DA:20,220
DA:23,11
DA:37,4
LF:5
LH:5
BRDA:26,0,0,220
BRDA:26,0,1,13
BRDA:28,1,0,220
BRDA:28,1,1,13
BRF:4
BRH:4
end_of_record
TN:
SF:components\SatisfactionSurvey.tsx
FN:11,SatisfactionSurvey
FN:15,handleSubmit
FN:23,handleSkip
FN:36,(anonymous_3)
FN:37,(anonymous_4)
FNF:5
FNH:3
FNDA:29,SatisfactionSurvey
FNDA:0,handleSubmit
FNDA:1,handleSkip
FNDA:145,(anonymous_3)
FNDA:0,(anonymous_4)
DA:12,29
DA:13,29
DA:16,0
DA:17,0
DA:18,0
DA:19,0
DA:20,0
DA:24,1
DA:25,1
DA:26,1
DA:29,29
DA:37,145
DA:74,2
LF:13
LH:8
BRDA:16,0,0,0
BRDA:16,0,1,0
BRDA:17,1,0,0
BRDA:17,1,1,0
BRDA:39,2,0,0
BRDA:39,2,1,145
BRDA:41,3,0,0
BRDA:41,3,1,145
BRDA:58,4,0,29
BRDA:58,4,1,29
BRF:10
BRH:4
end_of_record
TN:
SF:components\SessionCard.tsx
FN:9,formatDate
FN:14,SessionCard
FNF:2
FNH:2
FNDA:12,formatDate
FNDA:12,SessionCard
DA:10,12
DA:11,12
DA:16,12
DA:20,12
DA:40,3
LF:5
LH:5
BRDA:16,0,0,11
BRDA:16,0,1,1
BRDA:16,1,0,12
BRDA:16,1,1,11
BRDA:27,2,0,12
BRDA:27,2,1,11
BRDA:28,3,0,10
BRDA:28,3,1,1
BRDA:29,4,0,10
BRDA:29,4,1,1
BRDA:32,5,0,11
BRDA:32,5,1,1
BRDA:33,6,0,11
BRDA:33,6,1,1
BRF:14
BRH:14
end_of_record
TN:
SF:components\VideoTile.tsx
FN:14,VideoTile
FN:23,(anonymous_1)
FNF:2
FNH:2
FNDA:33,VideoTile
FNDA:27,(anonymous_1)
DA:22,33
DA:23,27
DA:27,33
DA:53,2
LF:4
LH:4
BRDA:17,0,0,5
BRDA:18,1,0,6
BRDA:23,2,0,27
BRDA:23,2,1,6
BRDA:23,3,0,2
BRDA:23,3,1,4
BRDA:29,4,0,0
BRDA:29,4,1,33
BRDA:29,5,0,33
BRDA:29,5,1,31
BRDA:42,6,0,33
BRDA:42,6,1,2
BRF:12
BRH:11
end_of_record
TN:
SF:components\external-link.tsx
FN:7,ExternalLink
FN:13,(anonymous_1)
FNF:2
FNH:2
FNDA:2,ExternalLink
FNDA:1,(anonymous_1)
DA:8,2
DA:14,1
DA:16,1
DA:18,1
LF:4
LH:4
BRDA:14,0,0,1
BRDA:14,0,1,0
BRF:2
BRH:1
end_of_record
TN:
SF:components\haptic-tab.tsx
FN:5,HapticTab
FN:9,(anonymous_1)
FNF:2
FNH:2
FNDA:2,HapticTab
FNDA:2,(anonymous_1)
DA:6,2
DA:10,2
DA:12,2
DA:14,2
LF:4
LH:4
BRDA:10,0,0,2
BRDA:10,0,1,0
BRF:2
BRH:1
end_of_record
TN:
SF:components\hello-wave.tsx
FN:3,HelloWave
FNF:1
FNH:1
FNDA:2,HelloWave
DA:4,2
LF:1
LH:1
BRF:0
BRH:0
end_of_record
TN:
SF:components\parallax-scroll-view.tsx
FN:21,ParallaxScrollView
FN:30,(anonymous_1)
FNF:2
FNH:2
FNDA:5,ParallaxScrollView
FNDA:5,(anonymous_1)
DA:14,1
DA:26,5
DA:27,5
DA:28,5
DA:29,5
DA:30,5
DA:31,5
DA:47,5
DA:65,1
LF:9
LH:9
BRDA:27,0,0,5
BRDA:27,0,1,2
BRF:2
BRH:2
end_of_record
TN:
SF:components\themed-text.tsx
FN:11,ThemedText
FNF:1
FNH:1
FNDA:8,ThemedText
DA:18,8
DA:20,8
DA:36,1
LF:3
LH:3
BRDA:15,0,0,0
BRDA:24,1,0,0
BRDA:24,1,1,8
BRDA:25,2,0,4
BRDA:25,2,1,4
BRDA:26,3,0,0
BRDA:26,3,1,8
BRDA:27,4,0,0
BRDA:27,4,1,8
BRDA:28,5,0,4
BRDA:28,5,1,4
BRF:11
BRH:7
end_of_record
TN:
SF:components\themed-view.tsx
FN:10,ThemedView
FNF:1
FNH:1
FNDA:9,ThemedView
DA:11,9
DA:13,9
LF:2
LH:2
BRF:0
BRH:0
end_of_record
TN:
SF:components\ui\collapsible.tsx
FN:10,Collapsible
FN:18,(anonymous_1)
FN:18,(anonymous_2)
FNF:3
FNH:3
FNDA:7,Collapsible
FNDA:3,(anonymous_1)
FNDA:3,(anonymous_2)
DA:11,7
DA:12,7
DA:14,7
DA:18,3
DA:35,1
LF:5
LH:5
BRDA:12,0,0,7
BRDA:12,0,1,0
BRDA:24,1,0,6
BRDA:24,1,1,1
BRDA:25,2,0,2
BRDA:25,2,1,5
BRDA:30,3,0,7
BRDA:30,3,1,2
BRF:8
BRH:7
end_of_record
TN:
SF:components\ui\icon-symbol.ios.tsx
FN:4,IconSymbol
FNF:1
FNH:1
FNDA:2,IconSymbol
DA:17,2
LF:1
LH:1
BRDA:6,0,0,1
BRDA:9,1,0,1
BRF:2
BRH:2
end_of_record
TN:
SF:components\ui\icon-symbol.tsx
FN:28,IconSymbol
FNF:1
FNH:1
FNDA:2,IconSymbol
DA:16,1
DA:40,2
LF:2
LH:2
BRDA:30,0,0,1
BRF:1
BRH:1
end_of_record
TN:
SF:hooks\use-color-scheme.ts
FNF:0
FNH:0
LF:0
LH:0
BRF:0
BRH:0
end_of_record
TN:
SF:hooks\use-color-scheme.web.ts
FN:7,useColorScheme
FN:10,(anonymous_1)
FNF:2
FNH:2
FNDA:2,useColorScheme
FNDA:1,(anonymous_1)
DA:8,2
DA:10,2
DA:11,1
DA:14,2
DA:16,2
DA:17,1
DA:20,1
LF:7
LH:7
BRDA:16,0,0,1
BRDA:16,0,1,1
BRF:2
BRH:2
end_of_record
TN:
SF:hooks\use-theme-color.ts
FN:9,useThemeColor
FNF:1
FNH:1
FNDA:2,useThemeColor
DA:13,2
DA:14,2
DA:16,2
DA:17,1
DA:19,1
LF:5
LH:5
BRDA:13,0,0,2
BRDA:13,0,1,0
BRDA:16,1,0,1
BRDA:16,1,1,1
BRF:4
BRH:3
end_of_record
TN:
SF:hooks\useAmbientSound.ts
FN:11,useAmbientSound
FN:16,(anonymous_1)
FNF:2
FNH:2
FNDA:9,useAmbientSound
FNDA:9,(anonymous_1)
DA:5,1
DA:12,9
DA:13,9
DA:14,9
DA:16,9
DA:17,9
DA:18,0
DA:19,0
DA:20,0
LF:9
LH:6
BRDA:12,0,0,9
BRDA:12,0,1,0
BRDA:12,1,0,0
BRDA:12,1,1,0
BRDA:17,2,0,9
BRDA:17,2,1,0
BRDA:17,3,0,9
BRDA:17,3,1,0
BRF:8
BRH:3
end_of_record
TN:
SF:hooks\useBreathingAudio.ts
FN:3,useBreathingAudio
FN:10,playInhale
FN:12,(anonymous_2)
FN:12,(anonymous_3)
FN:15,playExhale
FN:17,(anonymous_5)
FN:17,(anonymous_6)
FNF:7
FNH:2
FNDA:9,useBreathingAudio
FNDA:9,playInhale
FNDA:0,(anonymous_2)
FNDA:0,(anonymous_3)
FNDA:0,playExhale
FNDA:0,(anonymous_5)
FNDA:0,(anonymous_6)
DA:4,9
DA:5,9
DA:7,9
DA:8,9
DA:11,9
DA:12,0
DA:16,0
DA:17,0
DA:20,9
LF:9
LH:6
BRDA:11,0,0,9
BRDA:11,0,1,0
BRDA:16,1,0,0
BRDA:16,1,1,0
BRF:4
BRH:1
end_of_record
TN:
SF:hooks\useBreathingEngine.ts
FN:20,useBreathingEngine
FN:43,(anonymous_1)
FN:48,(anonymous_2)
FN:53,(anonymous_3)
FN:61,(anonymous_4)
FN:63,(anonymous_5)
FN:66,(anonymous_6)
FN:72,(anonymous_7)
FN:78,(anonymous_8)
FN:89,(anonymous_9)
FN:98,(anonymous_10)
FN:105,(anonymous_11)
FNF:12
FNH:11
FNDA:21,useBreathingEngine
FNDA:28,(anonymous_1)
FNDA:26,(anonymous_2)
FNDA:26,(anonymous_3)
FNDA:0,(anonymous_4)
FNDA:16,(anonymous_5)
FNDA:7,(anonymous_6)
FNDA:3,(anonymous_7)
FNDA:2,(anonymous_8)
FNDA:14,(anonymous_9)
FNDA:14,(anonymous_10)
FNDA:13,(anonymous_11)
DA:6,1
DA:24,21
DA:25,21
DA:27,21
DA:28,21
DA:31,21
DA:32,21
DA:33,21
DA:34,21
DA:35,21
DA:36,21
DA:38,21
DA:39,21
DA:40,21
DA:41,21
DA:43,21
DA:44,28
DA:45,28
DA:48,21
DA:49,26
DA:50,26
DA:53,21
DA:54,26
DA:55,22
DA:56,8
DA:57,2
DA:61,21
DA:63,21
DA:64,16
DA:66,16
DA:67,7
DA:68,7
DA:69,7
DA:70,7
DA:72,7
DA:73,3
DA:74,3
DA:75,3
DA:76,3
DA:78,3
DA:79,2
DA:80,2
DA:81,2
DA:82,2
DA:83,2
DA:89,21
DA:90,14
DA:91,14
DA:92,14
DA:93,14
DA:94,14
DA:95,14
DA:98,21
DA:99,14
DA:100,14
DA:101,14
DA:105,21
DA:106,13
DA:107,13
DA:111,21
LF:60
LH:60
BRDA:21,0,0,0
BRDA:22,1,0,0
BRDA:27,2,0,21
BRDA:27,2,1,0
BRDA:54,3,0,4
BRDA:54,3,1,22
BRDA:55,4,0,14
BRDA:55,4,1,8
BRDA:56,5,0,6
BRDA:56,5,1,2
BRDA:64,6,0,0
BRDA:64,6,1,16
BRDA:67,7,0,0
BRDA:67,7,1,7
BRDA:73,8,0,0
BRDA:73,8,1,3
BRDA:79,9,0,0
BRDA:79,9,1,2
BRF:18
BRH:11
end_of_record
