TN:
SF:app\_layout.tsx
FN:12,RootLayout
FNF:1
FNH:1
FNDA:6,RootLayout
DA:8,1
DA:13,6
DA:15,6
LF:3
LH:3
BRDA:16,0,0,2
BRDA:16,0,1,4
BRF:2
BRH:2
end_of_record
TN:
SF:app\choose-topic.tsx
FN:17,ChooseTopicScreen
FN:42,(anonymous_1)
FN:57,(anonymous_2)
FNF:3
FNH:3
FNDA:17,ChooseTopicScreen
FNDA:102,(anonymous_1)
FNDA:6,(anonymous_2)
DA:5,1
DA:6,1
DA:8,1
DA:18,17
DA:19,17
DA:21,17
DA:22,17
DA:24,17
DA:43,102
DA:57,6
DA:65,1
LF:11
LH:11
BRF:0
BRH:0
end_of_record
TN:
SF:app\home.tsx
FN:35,HomeScreen
FN:38,(anonymous_1)
FN:49,(anonymous_2)
FN:83,(anonymous_3)
FN:105,(anonymous_4)
FNF:5
FNH:5
FNDA:29,HomeScreen
FNDA:29,(anonymous_1)
FNDA:29,(anonymous_2)
FNDA:58,(anonymous_3)
FNDA:116,(anonymous_4)
DA:13,1
DA:20,1
DA:36,29
DA:38,29
DA:39,29
DA:49,29
DA:53,29
DA:84,58
DA:106,116
DA:127,1
LF:10
LH:10
BRDA:115,0,0,29
BRDA:115,0,1,87
BRDA:117,1,0,116
BRDA:117,1,1,29
BRF:4
BRH:4
end_of_record
TN:
SF:app\index.tsx
FN:5,WelcomeScreen
FN:35,(anonymous_1)
FNF:2
FNH:2
FNDA:6,WelcomeScreen
FNDA:1,(anonymous_1)
DA:6,6
DA:7,6
DA:9,6
DA:10,6
DA:11,6
DA:12,6
DA:13,6
DA:15,6
DA:35,1
DA:41,1
DA:42,1
DA:44,1
DA:51,1
LF:13
LH:13
BRF:0
BRH:0
end_of_record
TN:
SF:app\modal.tsx
FN:7,ModalScreen
FNF:1
FNH:1
FNDA:4,ModalScreen
DA:8,4
DA:18,1
LF:2
LH:2
BRF:0
BRH:0
end_of_record
TN:
SF:components\external-link.tsx
FN:7,ExternalLink
FN:13,(anonymous_1)
FNF:2
FNH:2
FNDA:2,ExternalLink
FNDA:1,(anonymous_1)
DA:8,2
DA:14,1
DA:16,1
DA:18,1
LF:4
LH:4
BRDA:14,0,0,1
BRDA:14,0,1,0
BRF:2
BRH:1
end_of_record
TN:
SF:components\haptic-tab.tsx
FN:5,HapticTab
FN:9,(anonymous_1)
FNF:2
FNH:2
FNDA:2,HapticTab
FNDA:2,(anonymous_1)
DA:6,2
DA:10,2
DA:12,2
DA:14,2
LF:4
LH:4
BRDA:10,0,0,2
BRDA:10,0,1,0
BRF:2
BRH:1
end_of_record
TN:
SF:components\hello-wave.tsx
FN:3,HelloWave
FNF:1
FNH:1
FNDA:2,HelloWave
DA:4,2
LF:1
LH:1
BRF:0
BRH:0
end_of_record
TN:
SF:components\parallax-scroll-view.tsx
FN:21,ParallaxScrollView
FN:30,(anonymous_1)
FNF:2
FNH:2
FNDA:5,ParallaxScrollView
FNDA:5,(anonymous_1)
DA:14,1
DA:26,5
DA:27,5
DA:28,5
DA:29,5
DA:30,5
DA:31,5
DA:47,5
DA:65,1
LF:9
LH:9
BRDA:27,0,0,5
BRDA:27,0,1,2
BRF:2
BRH:2
end_of_record
TN:
SF:components\themed-text.tsx
FN:11,ThemedText
FNF:1
FNH:1
FNDA:8,ThemedText
DA:18,8
DA:20,8
DA:36,1
LF:3
LH:3
BRDA:15,0,0,0
BRDA:24,1,0,0
BRDA:24,1,1,8
BRDA:25,2,0,4
BRDA:25,2,1,4
BRDA:26,3,0,0
BRDA:26,3,1,8
BRDA:27,4,0,0
BRDA:27,4,1,8
BRDA:28,5,0,4
BRDA:28,5,1,4
BRF:11
BRH:7
end_of_record
TN:
SF:components\themed-view.tsx
FN:10,ThemedView
FNF:1
FNH:1
FNDA:9,ThemedView
DA:11,9
DA:13,9
LF:2
LH:2
BRF:0
BRH:0
end_of_record
TN:
SF:components\ui\collapsible.tsx
FN:10,Collapsible
FN:18,(anonymous_1)
FN:18,(anonymous_2)
FNF:3
FNH:3
FNDA:7,Collapsible
FNDA:3,(anonymous_1)
FNDA:3,(anonymous_2)
DA:11,7
DA:12,7
DA:14,7
DA:18,3
DA:35,1
LF:5
LH:5
BRDA:12,0,0,7
BRDA:12,0,1,0
BRDA:24,1,0,6
BRDA:24,1,1,1
BRDA:25,2,0,2
BRDA:25,2,1,5
BRDA:30,3,0,7
BRDA:30,3,1,2
BRF:8
BRH:7
end_of_record
TN:
SF:components\ui\icon-symbol.ios.tsx
FN:4,IconSymbol
FNF:1
FNH:1
FNDA:2,IconSymbol
DA:17,2
LF:1
LH:1
BRDA:6,0,0,1
BRDA:9,1,0,1
BRF:2
BRH:2
end_of_record
TN:
SF:components\ui\icon-symbol.tsx
FN:28,IconSymbol
FNF:1
FNH:1
FNDA:2,IconSymbol
DA:16,1
DA:40,2
LF:2
LH:2
BRDA:30,0,0,1
BRF:1
BRH:1
end_of_record
TN:
SF:hooks\use-color-scheme.ts
FNF:0
FNH:0
LF:0
LH:0
BRF:0
BRH:0
end_of_record
TN:
SF:hooks\use-color-scheme.web.ts
FN:7,useColorScheme
FN:10,(anonymous_1)
FNF:2
FNH:2
FNDA:2,useColorScheme
FNDA:1,(anonymous_1)
DA:8,2
DA:10,2
DA:11,1
DA:14,2
DA:16,2
DA:17,1
DA:20,1
LF:7
LH:7
BRDA:16,0,0,1
BRDA:16,0,1,1
BRF:2
BRH:2
end_of_record
TN:
SF:hooks\use-theme-color.ts
FN:9,useThemeColor
FNF:1
FNH:1
FNDA:2,useThemeColor
DA:13,2
DA:14,2
DA:16,2
DA:17,1
DA:19,1
LF:5
LH:5
BRDA:13,0,0,2
BRDA:13,0,1,0
BRDA:16,1,0,1
BRDA:16,1,1,1
BRF:4
BRH:3
end_of_record
